Arguments: 
  /usr/bin/node /usr/bin/yarn add prettier eslint-config-prettier eslint-plugin-prettier -D

PATH: 
  /home/linuxbrew/.linuxbrew/bin:/home/linuxbrew/.linuxbrew/sbin:/home/linuxbrew/.linuxbrew/bin:/home/linuxbrew/.linuxbrew/sbin:/home/linuxbrew/.linuxbrew/bin:/home/linuxbrew/.linuxbrew/sbin:/home/linuxbrew/.linuxbrew/bin:/home/linuxbrew/.linuxbrew/sbin:/home/linuxbrew/.linuxbrew/bin:/home/linuxbrew/.linuxbrew/sbin:/home/linuxbrew/.linuxbrew/bin:/home/linuxbrew/.linuxbrew/sbin:/usr/local/sbin:/usr/local/bin:/usr/bin:/usr/lib/emscripten:/usr/lib/jvm/default/bin:/usr/bin/site_perl:/usr/bin/vendor_perl:/usr/bin/core_perl:/var/lib/snapd/snap/bin:/home/wgxh-cli/go/bin/:/home/wgxh-cli/npm-bin/bin/:/home/wgxh-cli/Config/nvim/packs/fzf/bin:/home/wgxh-cli/go/bin/:/home/wgxh-cli/npm-bin/bin/:/usr/lib/emscripten:/usr/lib/jvm/default/bin:/home/wgxh-cli/go/bin/:/home/wgxh-cli/npm-bin/bin/

Yarn version: 
  1.22.10

Node version: 
  16.4.0

Platform: 
  linux x64

Trace: 
  Error: ENOENT: no such file or directory, copyfile '/home/wgxh-cli/.cache/yarn/v6/npm-globals-13.9.0-4bf2bf635b334a173fb1daf7c5e6b218ecdc06cb-integrity/node_modules/globals/index.d.ts' -> '/home/wgxh-cli/Code/wgxh-framework/node_modules/@eslint/eslintrc/node_modules/globals/index.d.ts'

npm manifest: 
  {
    "name": "wgxh-framework",
    "version": "1.0.0",
    "description": "The cool and nice framework",
    "main": "index.ts",
    "scripts": {
      "build": "rollup -w -c",
      "dev": "nodemon ./index.js",
      "serve": "vite"
    },
    "repository": {
      "type": "git",
      "url": "git+https://github.com/wgxh/framework.git"
    },
    "keywords": [
      "front"
    ],
    "author": "wgxh",
    "license": "MIT",
    "bugs": {
      "url": "https://github.com/wgxh/framework/issues"
    },
    "homepage": "https://github.com/wgxh/framework#readme",
    "devDependencies": {
      "@rollup/plugin-babel": "^5.3.0",
      "@rollup/plugin-node-resolve": "^13.0.0",
      "@typescript-eslint/eslint-plugin": "^4.27.0",
      "@typescript-eslint/parser": "^4.27.0",
      "eslint": "^7.29.0",
      "eslint-config-google": "^0.14.0",
      "nodemon": "^2.0.7",
      "rollup": "^2.52.1",
      "rollup-plugin-eslint": "^7.0.0",
      "rollup-plugin-typescript2": "^0.30.0",
      "tslib": "^2.3.0",
      "typescript": "^4.3.4",
      "vite": "^2.3.8"
    },
    "dependencies": {
      "@babel/core": "^7.14.6",
      "@babel/preset-env": "^7.14.5",
      "rollup-plugin-serve": "^1.1.0"
    }
  }

yarn manifest: 
  No manifest

Lockfile: 
  No lockfile
